<?xml version="1.0" encoding="UTF-8"?>
<testng-results skipped="0" failed="0" ignored="0" total="3" passed="3">
  <reporter-output>
    <line>
      <![CDATA[Suite execution startedFri Jun 21 18:27:10 IST 2019]]>
    </line>
    <line>
      <![CDATA[chrome launched]]>
    </line>
    <line>
      <![CDATA[https://staging.paytm.com/buy-insuranceurl navigated]]>
    </line>
    <line>
      <![CDATA[chooseInsurance1 Script started executing Fri Jun 21 18:27:16 IST 2019]]>
    </line>
    <line>
      <![CDATA[chooseInsurance1 Script passed ]]>
    </line>
    <line>
      <![CDATA[Browser closed]]>
    </line>
    <line>
      <![CDATA[chrome launched]]>
    </line>
    <line>
      <![CDATA[https://staging.paytm.com/buy-insuranceurl navigated]]>
    </line>
    <line>
      <![CDATA[chooseInsurance2 Script started executing Fri Jun 21 18:27:33 IST 2019]]>
    </line>
    <line>
      <![CDATA[chooseInsurance2 Script passed ]]>
    </line>
    <line>
      <![CDATA[Browser closed]]>
    </line>
    <line>
      <![CDATA[chrome launched]]>
    </line>
    <line>
      <![CDATA[https://staging.paytm.com/buy-insuranceurl navigated]]>
    </line>
    <line>
      <![CDATA[chooseInsurance4 Script started executing Fri Jun 21 18:27:41 IST 2019]]>
    </line>
    <line>
      <![CDATA[chooseInsurance4 Script passed ]]>
    </line>
    <line>
      <![CDATA[Browser closed]]>
    </line>
  </reporter-output>
  <suite name="Suite" duration-ms="43765" started-at="2019-06-21T12:57:10Z" finished-at="2019-06-21T12:57:54Z">
    <groups>
    </groups>
    <test name="Test" duration-ms="43765" started-at="2019-06-21T12:57:10Z" finished-at="2019-06-21T12:57:54Z">
      <class name="com.insurance.scripts.InsSelectionTest">
        <test-method status="PASS" signature="preCondition(java.lang.String, java.lang.String)[pri:0, instance:com.insurance.scripts.InsSelectionTest@67b6d4ae]" name="preCondition" is-config="true" duration-ms="5702" started-at="2019-06-21T12:57:10Z" finished-at="2019-06-21T12:57:16Z">
          <params>
            <param index="0">
              <value>
                <![CDATA[chrome]]>
              </value>
            </param>
            <param index="1">
              <value>
                <![CDATA[https://staging.paytm.com/buy-insurance]]>
              </value>
            </param>
          </params>
          <reporter-output>
            <line>
              <![CDATA[chrome launched]]>
            </line>
            <line>
              <![CDATA[https://staging.paytm.com/buy-insuranceurl navigated]]>
            </line>
          </reporter-output>
        </test-method> <!-- preCondition -->
        <test-method status="PASS" signature="chooseInsurance1()[pri:0, instance:com.insurance.scripts.InsSelectionTest@67b6d4ae]" name="chooseInsurance1" duration-ms="12410" started-at="2019-06-21T12:57:16Z" description="to verify the selection of car insurance " finished-at="2019-06-21T12:57:28Z">
          <reporter-output>
            <line>
              <![CDATA[chooseInsurance1 Script started executing Fri Jun 21 18:27:16 IST 2019]]>
            </line>
            <line>
              <![CDATA[chooseInsurance1 Script passed ]]>
            </line>
          </reporter-output>
        </test-method> <!-- chooseInsurance1 -->
        <test-method status="PASS" signature="postCondition()[pri:0, instance:com.insurance.scripts.InsSelectionTest@67b6d4ae]" name="postCondition" is-config="true" duration-ms="91" started-at="2019-06-21T12:57:28Z" finished-at="2019-06-21T12:57:28Z">
          <reporter-output>
            <line>
              <![CDATA[Browser closed]]>
            </line>
          </reporter-output>
        </test-method> <!-- postCondition -->
        <test-method status="PASS" signature="preCondition(java.lang.String, java.lang.String)[pri:0, instance:com.insurance.scripts.InsSelectionTest@67b6d4ae]" name="preCondition" is-config="true" duration-ms="4180" started-at="2019-06-21T12:57:28Z" finished-at="2019-06-21T12:57:33Z">
          <params>
            <param index="0">
              <value>
                <![CDATA[chrome]]>
              </value>
            </param>
            <param index="1">
              <value>
                <![CDATA[https://staging.paytm.com/buy-insurance]]>
              </value>
            </param>
          </params>
          <reporter-output>
            <line>
              <![CDATA[chrome launched]]>
            </line>
            <line>
              <![CDATA[https://staging.paytm.com/buy-insuranceurl navigated]]>
            </line>
          </reporter-output>
        </test-method> <!-- preCondition -->
        <test-method status="PASS" signature="chooseInsurance2()[pri:0, instance:com.insurance.scripts.InsSelectionTest@67b6d4ae]" name="chooseInsurance2" duration-ms="3845" started-at="2019-06-21T12:57:33Z" description="to verify the selection of health insurance " finished-at="2019-06-21T12:57:36Z">
          <reporter-output>
            <line>
              <![CDATA[chooseInsurance2 Script started executing Fri Jun 21 18:27:33 IST 2019]]>
            </line>
            <line>
              <![CDATA[chooseInsurance2 Script passed ]]>
            </line>
          </reporter-output>
        </test-method> <!-- chooseInsurance2 -->
        <test-method status="PASS" signature="postCondition()[pri:0, instance:com.insurance.scripts.InsSelectionTest@67b6d4ae]" name="postCondition" is-config="true" duration-ms="95" started-at="2019-06-21T12:57:36Z" finished-at="2019-06-21T12:57:36Z">
          <reporter-output>
            <line>
              <![CDATA[Browser closed]]>
            </line>
          </reporter-output>
        </test-method> <!-- postCondition -->
        <test-method status="PASS" signature="preCondition(java.lang.String, java.lang.String)[pri:0, instance:com.insurance.scripts.InsSelectionTest@67b6d4ae]" name="preCondition" is-config="true" duration-ms="4260" started-at="2019-06-21T12:57:36Z" finished-at="2019-06-21T12:57:41Z">
          <params>
            <param index="0">
              <value>
                <![CDATA[chrome]]>
              </value>
            </param>
            <param index="1">
              <value>
                <![CDATA[https://staging.paytm.com/buy-insurance]]>
              </value>
            </param>
          </params>
          <reporter-output>
            <line>
              <![CDATA[chrome launched]]>
            </line>
            <line>
              <![CDATA[https://staging.paytm.com/buy-insuranceurl navigated]]>
            </line>
          </reporter-output>
        </test-method> <!-- preCondition -->
        <test-method status="PASS" signature="chooseInsurance4()[pri:0, instance:com.insurance.scripts.InsSelectionTest@67b6d4ae]" name="chooseInsurance4" duration-ms="13046" started-at="2019-06-21T12:57:41Z" description="to verify the selection of two wheeler insurance " finished-at="2019-06-21T12:57:54Z">
          <reporter-output>
            <line>
              <![CDATA[chooseInsurance4 Script started executing Fri Jun 21 18:27:41 IST 2019]]>
            </line>
            <line>
              <![CDATA[chooseInsurance4 Script passed ]]>
            </line>
          </reporter-output>
        </test-method> <!-- chooseInsurance4 -->
        <test-method status="PASS" signature="postCondition()[pri:0, instance:com.insurance.scripts.InsSelectionTest@67b6d4ae]" name="postCondition" is-config="true" duration-ms="85" started-at="2019-06-21T12:57:54Z" finished-at="2019-06-21T12:57:54Z">
          <reporter-output>
            <line>
              <![CDATA[Browser closed]]>
            </line>
          </reporter-output>
        </test-method> <!-- postCondition -->
      </class> <!-- com.insurance.scripts.InsSelectionTest -->
    </test> <!-- Test -->
  </suite> <!-- Suite -->
</testng-results>
