<?xml version="1.0" encoding="UTF-8"?>
<testsuite xmlns:xsi="http://www.w3.org/2001/XMLSchema-instance" xsi:noNamespaceSchemaLocation="https://maven.apache.org/surefire/maven-surefire-plugin/xsd/surefire-test-report-3.0.xsd" version="3.0" name="TestSuite" time="44.375" tests="3" errors="0" skipped="0" failures="0">
  <properties>
[...]
</properties>
  <testcase name="chooseInsurance1" classname="com.insurance.scripts.InsSelectionTest" time="12.295"/>
  <testcase name="chooseInsurance2" classname="com.insurance.scripts.InsSelectionTest" time="3.83"/>
  <testcase name="chooseInsurance4" classname="com.insurance.scripts.InsSelectionTest" time="13.033"/>
</testsuite>