<?xml version="1.0" encoding="UTF-8"?>
<!-- Generated by org.testng.reporters.JUnitXMLReporter -->
<testsuite hostname="197nodnb22124" ignored="0" name="Test" tests="4" failures="0" timestamp="21 Apr 2019 18:49:52 GMT" time="28.894" errors="0">
  <testcase name="chooseInsurance1" time="1.43" classname="com.insurance.scripts.InsSelectionTest"/>
  <testcase name="chooseInsurance2" time="0.329" classname="com.insurance.scripts.InsSelectionTest"/>
  <testcase name="chooseInsurance3" time="0.363" classname="com.insurance.scripts.InsSelectionTest"/>
  <testcase name="chooseInsurance4" time="5.327" classname="com.insurance.scripts.InsSelectionTest"/>
</testsuite> <!-- Test -->
